2020-06-11T05:40:26.403Z - info: [ImportOrganizer] Starting up ImportOrganizer.
2020-06-11T18:12:37.462Z - info: [ImportOrganizer] Stopping ImportOrganizer.
2020-06-11T18:12:42.580Z - info: [ImportOrganizer] Starting up ImportOrganizer.
2020-06-11T18:13:18.018Z - info: [ImportOrganizer] Stopping ImportOrganizer.
2020-06-11T18:13:25.575Z - info: [ImportOrganizer] Starting up ImportOrganizer.
2020-06-11T19:22:05.597Z - info: [ImportOrganizer] Stopping ImportOrganizer.
2020-06-11T19:22:09.697Z - info: [ImportOrganizer] Starting up ImportOrganizer.
2020-06-11T21:07:42.110Z - info: [ImportOrganizer] Stopping ImportOrganizer.
2020-06-11T21:07:46.306Z - info: [ImportOrganizer] Starting up ImportOrganizer.
2020-06-11T22:04:56.651Z - info: [ImportOrganizer] Stopping ImportOrganizer.
2020-06-11T22:29:37.915Z - info: [ImportOrganizer] Starting up ImportOrganizer.
2020-06-11T22:56:20.596Z - info: [ImportOrganizer] Stopping ImportOrganizer.
2020-06-11T22:56:27.197Z - info: [ImportOrganizer] Starting up ImportOrganizer.
2020-06-11T23:24:04.998Z - info: [ImportOrganizer] Stopping ImportOrganizer.
{"error":{"errno":"EPIPE","code":"EPIPE","syscall":"write"},"level":"error","message":"uncaughtException: write EPIPE\nError: write EPIPE\n\tat afterWriteDispatched (internal/stream_base_commons.js:146:25)\n\tat writeGeneric (internal/stream_base_commons.js:137:3)\n\tat Socket._writeGeneric (net.js:698:11)\n\tat Socket._write (net.js:710:8)\n\tat doWrite (_stream_writable.js:418:12)\n\tat writeOrBuffer (_stream_writable.js:402:5)\n\tat Socket.Writable.write (_stream_writable.js:302:11)\n\tat d.write (/snap/code/34/usr/share/code/resources/app/out/vs/workbench/services/extensions/node/extensionHostProcess.js:245:487)\n\tat m._writeNow (/snap/code/34/usr/share/code/resources/app/out/vs/workbench/services/extensions/node/extensionHostProcess.js:237:689)\n\tat Immediate.<anonymous> (/snap/code/34/usr/share/code/resources/app/out/vs/workbench/services/extensions/node/extensionHostProcess.js:237:627)\n\tat processImmediate (internal/timers.js:439:21)","stack":"Error: write EPIPE\n\tat afterWriteDispatched (internal/stream_base_commons.js:146:25)\n\tat writeGeneric (internal/stream_base_commons.js:137:3)\n\tat Socket._writeGeneric (net.js:698:11)\n\tat Socket._write (net.js:710:8)\n\tat doWrite (_stream_writable.js:418:12)\n\tat writeOrBuffer (_stream_writable.js:402:5)\n\tat Socket.Writable.write (_stream_writable.js:302:11)\n\tat d.write (/snap/code/34/usr/share/code/resources/app/out/vs/workbench/services/extensions/node/extensionHostProcess.js:245:487)\n\tat m._writeNow (/snap/code/34/usr/share/code/resources/app/out/vs/workbench/services/extensions/node/extensionHostProcess.js:237:689)\n\tat Immediate.<anonymous> (/snap/code/34/usr/share/code/resources/app/out/vs/workbench/services/extensions/node/extensionHostProcess.js:237:627)\n\tat processImmediate (internal/timers.js:439:21)","exception":true,"date":"Thu Jun 11 2020 19:24:05 GMT-0400 (Eastern Daylight Time)","process":{"pid":350093,"uid":1000,"gid":1000,"cwd":"/home/krummja","execPath":"/snap/code/34/usr/share/code/code","version":"v12.8.1","argv":["/snap/code/34/usr/share/code/code","/snap/code/34/usr/share/code/resources/app/out/bootstrap-fork","--type=extensionHost"],"memoryUsage":{"rss":289345536,"heapTotal":116457472,"heapUsed":111414640,"external":63116909}},"os":{"loadavg":[0.68798828125,0.88232421875,1.0625],"uptime":71378},"trace":[{"column":25,"file":"internal/stream_base_commons.js","function":"afterWriteDispatched","line":146,"method":null,"native":false},{"column":3,"file":"internal/stream_base_commons.js","function":"writeGeneric","line":137,"method":null,"native":false},{"column":11,"file":"net.js","function":"Socket._writeGeneric","line":698,"method":"_writeGeneric","native":false},{"column":8,"file":"net.js","function":"Socket._write","line":710,"method":"_write","native":false},{"column":12,"file":"_stream_writable.js","function":"doWrite","line":418,"method":null,"native":false},{"column":5,"file":"_stream_writable.js","function":"writeOrBuffer","line":402,"method":null,"native":false},{"column":11,"file":"_stream_writable.js","function":"Socket.Writable.write","line":302,"method":"write","native":false},{"column":487,"file":"/snap/code/34/usr/share/code/resources/app/out/vs/workbench/services/extensions/node/extensionHostProcess.js","function":"d.write","line":245,"method":"write","native":false},{"column":689,"file":"/snap/code/34/usr/share/code/resources/app/out/vs/workbench/services/extensions/node/extensionHostProcess.js","function":"m._writeNow","line":237,"method":"_writeNow","native":false},{"column":627,"file":"/snap/code/34/usr/share/code/resources/app/out/vs/workbench/services/extensions/node/extensionHostProcess.js","function":null,"line":237,"method":null,"native":false},{"column":21,"file":"internal/timers.js","function":"processImmediate","line":439,"method":null,"native":false}]}
2020-06-11T23:24:05.005Z - error: uncaughtException: write EPIPE
Error: write EPIPE
	at afterWriteDispatched (internal/stream_base_commons.js:146:25)
	at writeGeneric (internal/stream_base_commons.js:137:3)
	at Socket._writeGeneric (net.js:698:11)
	at Socket._write (net.js:710:8)
	at doWrite (_stream_writable.js:418:12)
	at writeOrBuffer (_stream_writable.js:402:5)
	at Socket.Writable.write (_stream_writable.js:302:11)
	at d.write (/snap/code/34/usr/share/code/resources/app/out/vs/workbench/services/extensions/node/extensionHostProcess.js:245:487)
	at m._writeNow (/snap/code/34/usr/share/code/resources/app/out/vs/workbench/services/extensions/node/extensionHostProcess.js:237:689)
	at Immediate.<anonymous> (/snap/code/34/usr/share/code/resources/app/out/vs/workbench/services/extensions/node/extensionHostProcess.js:237:627)
	at processImmediate (internal/timers.js:439:21) {"error":{"errno":"EPIPE","code":"EPIPE","syscall":"write"},"stack":"Error: write EPIPE\n\tat afterWriteDispatched (internal/stream_base_commons.js:146:25)\n\tat writeGeneric (internal/stream_base_commons.js:137:3)\n\tat Socket._writeGeneric (net.js:698:11)\n\tat Socket._write (net.js:710:8)\n\tat doWrite (_stream_writable.js:418:12)\n\tat writeOrBuffer (_stream_writable.js:402:5)\n\tat Socket.Writable.write (_stream_writable.js:302:11)\n\tat d.write (/snap/code/34/usr/share/code/resources/app/out/vs/workbench/services/extensions/node/extensionHostProcess.js:245:487)\n\tat m._writeNow (/snap/code/34/usr/share/code/resources/app/out/vs/workbench/services/extensions/node/extensionHostProcess.js:237:689)\n\tat Immediate.<anonymous> (/snap/code/34/usr/share/code/resources/app/out/vs/workbench/services/extensions/node/extensionHostProcess.js:237:627)\n\tat processImmediate (internal/timers.js:439:21)","exception":true,"date":"Thu Jun 11 2020 19:24:05 GMT-0400 (Eastern Daylight Time)","process":{"pid":350093,"uid":1000,"gid":1000,"cwd":"/home/krummja","execPath":"/snap/code/34/usr/share/code/code","version":"v12.8.1","argv":["/snap/code/34/usr/share/code/code","/snap/code/34/usr/share/code/resources/app/out/bootstrap-fork","--type=extensionHost"],"memoryUsage":{"rss":289611776,"heapTotal":116457472,"heapUsed":111475232,"external":63125101}},"os":{"loadavg":[0.68798828125,0.88232421875,1.0625],"uptime":71378},"trace":[{"column":25,"file":"internal/stream_base_commons.js","function":"afterWriteDispatched","line":146,"method":null,"native":false},{"column":3,"file":"internal/stream_base_commons.js","function":"writeGeneric","line":137,"method":null,"native":false},{"column":11,"file":"net.js","function":"Socket._writeGeneric","line":698,"method":"_writeGeneric","native":false},{"column":8,"file":"net.js","function":"Socket._write","line":710,"method":"_write","native":false},{"column":12,"file":"_stream_writable.js","function":"doWrite","line":418,"method":null,"native":false},{"column":5,"file":"_stream_writable.js","function":"writeOrBuffer","line":402,"method":null,"native":false},{"column":11,"file":"_stream_writable.js","function":"Socket.Writable.write","line":302,"method":"write","native":false},{"column":487,"file":"/snap/code/34/usr/share/code/resources/app/out/vs/workbench/services/extensions/node/extensionHostProcess.js","function":"d.write","line":245,"method":"write","native":false},{"column":689,"file":"/snap/code/34/usr/share/code/resources/app/out/vs/workbench/services/extensions/node/extensionHostProcess.js","function":"m._writeNow","line":237,"method":"_writeNow","native":false},{"column":627,"file":"/snap/code/34/usr/share/code/resources/app/out/vs/workbench/services/extensions/node/extensionHostProcess.js","function":null,"line":237,"method":null,"native":false},{"column":21,"file":"internal/timers.js","function":"processImmediate","line":439,"method":null,"native":false}]}
2020-06-11T23:24:13.019Z - info: [ImportOrganizer] Starting up ImportOrganizer.
2020-06-12T01:08:04.474Z - info: [ImportOrganizer] Stopping ImportOrganizer.
2020-06-12T01:13:05.763Z - info: [ImportOrganizer] Starting up ImportOrganizer.
2020-06-12T04:30:39.525Z - info: [ImportOrganizer] Stopping ImportOrganizer.
2020-06-12T04:30:44.805Z - info: [ImportOrganizer] Starting up ImportOrganizer.
2020-06-12T04:53:18.934Z - info: [ImportOrganizer] Stopping ImportOrganizer.
2020-06-12T04:54:17.305Z - info: [ImportOrganizer] Starting up ImportOrganizer.
2020-06-12T17:26:08.760Z - info: [ImportOrganizer] Stopping ImportOrganizer.
2020-06-12T17:26:16.456Z - info: [ImportOrganizer] Starting up ImportOrganizer.
2020-06-12T22:53:01.833Z - info: [ImportOrganizer] Stopping ImportOrganizer.
2020-06-12T22:53:12.040Z - info: [ImportOrganizer] Starting up ImportOrganizer.
2020-06-13T02:26:09.739Z - info: [ImportOrganizer] Stopping ImportOrganizer.
2020-06-13T02:26:18.483Z - info: [ImportOrganizer] Starting up ImportOrganizer.
2020-06-13T02:46:22.911Z - info: [ImportOrganizer] Stopping ImportOrganizer.
2020-06-13T02:46:39.258Z - info: [ImportOrganizer] Starting up ImportOrganizer.
2020-06-13T02:57:25.000Z - info: [ImportOrganizer] Starting up ImportOrganizer.
2020-06-13T03:12:27.813Z - info: [ImportOrganizer] Stopping ImportOrganizer.
